2024-12-03T23:35:36.558Z [ERROR]: User not found
2024-12-03T23:35:53.242Z [ERROR]: User not found
2024-12-03T23:35:59.103Z [ERROR]: User not found
2024-12-03T23:36:03.484Z [ERROR]: Password incorrect
2024-12-03T23:37:42.754Z [ERROR]: /api/v1/auth/login POST Password incorrect
2024-12-03T23:38:40.477Z [ERROR]: /api/v1/auth/login POST Password incorrect
2024-12-03T23:38:59.766Z [ERROR]: /api/v1/auth/login POST Password incorrect
2024-12-03T23:39:10.187Z [ERROR]: test1@domain.coms
2024-12-03T23:39:10.188Z [ERROR]: /api/v1/auth/login POST User not found
2024-12-03T23:42:46.026Z [INFO]: /api/v1/auth/login POST
2024-12-04T00:05:12.638Z [INFO]: /api/v1/auth/login POST
2024-12-04T00:05:12.656Z [ERROR]: test1@test.com
2024-12-04T00:05:12.657Z [ERROR]: /api/v1/auth/login POST User not found
2024-12-04T00:05:19.574Z [INFO]: /api/v1/auth/login POST
2024-12-04T00:05:19.577Z [ERROR]: test1@test.com
2024-12-04T00:05:19.577Z [ERROR]: /api/v1/auth/login POST User not found
2024-12-04T00:05:24.785Z [INFO]: /api/v1/auth/login POST
2024-12-04T00:06:04.376Z [INFO]: /api/v1/pets POST
2024-12-04T00:10:07.095Z [INFO]: /api/v1/pets POST
2024-12-04T00:10:41.224Z [INFO]: /api/v1/pets POST
2024-12-04T00:11:29.542Z [INFO]: /api/v1/pets POST
2024-12-05T22:48:27.127Z [INFO]: /api-docs/ GET
2024-12-05T22:56:46.482Z [INFO]: /api/v1/auth/login POST
2024-12-05T22:56:46.556Z [ERROR]: user@example.com
2024-12-05T22:56:46.558Z [ERROR]: /api/v1/auth/login POST User not found
2024-12-05T22:57:01.069Z [INFO]: /api/v1/auth/login POST
2024-12-05T22:57:01.243Z [ERROR]: /api/v1/auth/login POST Password incorrect
2024-12-05T22:57:18.070Z [INFO]: /api/v1/auth/login POST
2024-12-05T23:10:01.476Z [INFO]: /api/v1/auth/login POST
2024-12-05T23:10:38.686Z [INFO]: /api/v1/pets GET
2024-12-05T23:11:00.307Z [INFO]: /api/v1/pets POST
2024-12-05T23:11:10.989Z [INFO]: /api/v1/pets GET
2024-12-05T23:14:49.761Z [INFO]: /api/v1/pets POST
2024-12-05T23:33:12.826Z [INFO]: /api/v1/auth/login POST
2024-12-05T23:33:12.836Z [ERROR]: /api/v1/auth/login POST "email" is required
2024-12-05T23:33:40.912Z [ERROR]: /api/v1/auth/login POST Expected ',' or '}' after property value in JSON at position 26 (line 3 column 1)
2024-12-05T23:33:46.474Z [INFO]: /api/v1/auth/login POST
2024-12-05T23:33:46.478Z [ERROR]: /api/v1/auth/login POST "email" must be a valid email
2024-12-05T23:33:56.752Z [INFO]: /api/v1/auth/login POST
2024-12-05T23:33:56.762Z [ERROR]: /api/v1/auth/login POST "password" length must be at least 6 characters long
